<?xml version="1.0" encoding="UTF-8"?>
<!-- Generated by org.testng.reporters.JUnitXMLReporter -->
<testsuite hostname="Jerson" name="EjecutarEmision" tests="6" failures="0" timestamp="24 Mar 2021 22:43:26 GMT" time="68.787" errors="0">
  <testcase name="EjecutarEmision" time="7.658" classname="modulo2.FlujoDemoEmision"/>
  <testcase name="EjecutarEmision" time="7.544" classname="modulo2.FlujoDemoEmision"/>
  <testcase name="EjecutarEmision" time="7.52" classname="modulo2.FlujoDemoEmision"/>
  <testcase name="EjecutarEmision" time="7.524" classname="modulo2.FlujoDemoEmision"/>
  <testcase name="EjecutarEmision" time="7.513" classname="modulo2.FlujoDemoEmision"/>
  <testcase name="EjecutarEmision" time="7.52" classname="modulo2.FlujoDemoEmision"/>
</testsuite> <!-- EjecutarEmision -->
